# JRE version: Java(TM) SE Runtime Environment (9.0+11) (build 9.0.4+11)
# Java VM: Java HotSpot(TM) 64-Bit Server VM (9.0.4+11, mixed mode, tiered, compressed oops, g1 gc, windows-amd64)
Heap:
 garbage-first heap   total 133120K, used 79918K [0x0000000700000000, 0x0000000700100410, 0x00000007c0000000)
  region size 1024K, 13 young (13312K), 1 survivors (1024K)
 Metaspace       used 79287K, capacity 84688K, committed 84992K, reserved 1122304K
  class space    used 10726K, capacity 11668K, committed 11776K, reserved 1048576K
GC Heap History (10 events):
Event: 1839.531 GC heap before
{Heap before GC invocations=270 (full 40):
 garbage-first heap   total 133120K, used 128666K [0x0000000700000000, 0x0000000700100410, 0x00000007c0000000)
  region size 1024K, 60 young (61440K), 1 survivors (1024K)
 Metaspace       used 79213K, capacity 84624K, committed 84736K, reserved 1122304K
  class space    used 10719K, capacity 11668K, committed 11776K, reserved 1048576K
}
Event: 1839.533 GC heap after
{Heap after GC invocations=271 (full 40):
 garbage-first heap   total 133120K, used 68242K [0x0000000700000000, 0x0000000700100410, 0x00000007c0000000)
  region size 1024K, 1 young (1024K), 1 survivors (1024K)
 Metaspace       used 79213K, capacity 84624K, committed 84736K, reserved 1122304K
  class space    used 10719K, capacity 11668K, committed 11776K, reserved 1048576K
}
Event: 1839.843 GC heap before
{Heap before GC invocations=272 (full 40):
 garbage-first heap   total 133120K, used 128658K [0x0000000700000000, 0x0000000700100410, 0x00000007c0000000)
  region size 1024K, 60 young (61440K), 1 survivors (1024K)
 Metaspace       used 79223K, capacity 84624K, committed 84736K, reserved 1122304K
  class space    used 10719K, capacity 11668K, committed 11776K, reserved 1048576K
}
Event: 1839.845 GC heap after
{Heap after GC invocations=273 (full 40):
 garbage-first heap   total 133120K, used 68325K [0x0000000700000000, 0x0000000700100410, 0x00000007c0000000)
  region size 1024K, 1 young (1024K), 1 survivors (1024K)
 Metaspace       used 79223K, capacity 84624K, committed 84736K, reserved 1122304K
  class space    used 10719K, capacity 11668K, committed 11776K, reserved 1048576K
}
Event: 1840.929 GC heap before
{Heap before GC invocations=273 (full 40):
 garbage-first heap   total 133120K, used 128741K [0x0000000700000000, 0x0000000700100410, 0x00000007c0000000)
  region size 1024K, 60 young (61440K), 1 survivors (1024K)
 Metaspace       used 79230K, capacity 84624K, committed 84736K, reserved 1122304K
  class space    used 10719K, capacity 11668K, committed 11776K, reserved 1048576K
}
Event: 1840.934 GC heap after
{Heap after GC invocations=274 (full 40):
 garbage-first heap   total 133120K, used 68557K [0x0000000700000000, 0x0000000700100410, 0x00000007c0000000)
  region size 1024K, 1 young (1024K), 1 survivors (1024K)
 Metaspace       used 79230K, capacity 84624K, committed 84736K, reserved 1122304K
  class space    used 10719K, capacity 11668K, committed 11776K, reserved 1048576K
}
Event: 1845.927 GC heap before
{Heap before GC invocations=275 (full 40):
 garbage-first heap   total 133120K, used 128973K [0x0000000700000000, 0x0000000700100410, 0x00000007c0000000)
  region size 1024K, 60 young (61440K), 1 survivors (1024K)
 Metaspace       used 79275K, capacity 84688K, committed 84992K, reserved 1122304K
  class space    used 10726K, capacity 11668K, committed 11776K, reserved 1048576K
}
Event: 1845.934 GC heap after
{Heap after GC invocations=276 (full 40):
 garbage-first heap   total 133120K, used 68564K [0x0000000700000000, 0x0000000700100410, 0x00000007c0000000)
  region size 1024K, 1 young (1024K), 1 survivors (1024K)
 Metaspace       used 79275K, capacity 84688K, committed 84992K, reserved 1122304K
  class space    used 10726K, capacity 11668K, committed 11776K, reserved 1048576K
}
Event: 1864.262 GC heap before
{Heap before GC invocations=276 (full 40):
 garbage-first heap   total 133120K, used 128980K [0x0000000700000000, 0x0000000700100410, 0x00000007c0000000)
  region size 1024K, 60 young (61440K), 1 survivors (1024K)
 Metaspace       used 79286K, capacity 84688K, committed 84992K, reserved 1122304K
  class space    used 10726K, capacity 11668K, committed 11776K, reserved 1048576K
}
Event: 1864.265 GC heap after
{Heap after GC invocations=277 (full 40):
 garbage-first heap   total 133120K, used 68654K [0x0000000700000000, 0x0000000700100410, 0x00000007c0000000)
  region size 1024K, 1 young (1024K), 1 survivors (1024K)
 Metaspace       used 79286K, capacity 84688K, committed 84992K, reserved 1122304K
  class space    used 10726K, capacity 11668K, committed 11776K, reserved 1048576K
}

